mode: set
github.com/florindiconescu/bookings/cmd/web/main.go:22.13,25.16 2 0
github.com/florindiconescu/bookings/cmd/web/main.go:29.2,37.16 4 0
github.com/florindiconescu/bookings/cmd/web/main.go:25.16,27.3 1 0
github.com/florindiconescu/bookings/cmd/web/main.go:40.18,55.16 10 1
github.com/florindiconescu/bookings/cmd/web/main.go:60.2,68.12 6 1
github.com/florindiconescu/bookings/cmd/web/main.go:55.16,58.3 2 0
github.com/florindiconescu/bookings/cmd/web/middleware.go:10.53,11.71 1 0
github.com/florindiconescu/bookings/cmd/web/middleware.go:11.71,14.3 2 0
github.com/florindiconescu/bookings/cmd/web/middleware.go:18.45,27.2 3 1
github.com/florindiconescu/bookings/cmd/web/middleware.go:30.50,32.2 1 1
github.com/florindiconescu/bookings/cmd/web/routes.go:12.49,38.2 18 1
